<?xml version="1.0" encoding="UTF-8"?>
<!-- Generated by org.testng.reporters.JUnitXMLReporter -->
<testsuite ignored="0" hostname="JESUS-MBP" failures="0" tests="13" name="CommentTests" time="18.32" errors="0" timestamp="2021-08-22T12:28:59 EDT">
  <testcase classname="CommentTests" name="createCommentTest" time="0.224"/>
  <testcase classname="CommentTests" name="deleteCommentTest" time="0.174"/>
  <testcase classname="CommentTests" name="getAllCommentsTest" time="0.175"/>
  <testcase classname="CommentTests" name="getOneCommentTest" time="0.167"/>
  <testcase classname="CommentTests" name="invalidDeleteCommentTest" time="0.394"/>
  <testcase classname="CommentTests" name="invalidGetOneCommentTest" time="0.156"/>
  <testcase classname="CommentTests" name="invalidUpdateCommentTest" time="0.154"/>
  <testcase classname="CommentTests" name="unauthorizedCreateCommentTest" time="0.135"/>
  <testcase classname="CommentTests" name="unauthorizedDeleteCommentTest" time="0.129"/>
  <testcase classname="CommentTests" name="unauthorizedGetAllCommentsTest" time="0.137"/>
  <testcase classname="CommentTests" name="unauthorizedGetOneCommentTest" time="0.141"/>
  <testcase classname="CommentTests" name="unauthorizedUpdateCommentTest" time="0.131"/>
  <testcase classname="CommentTests" name="updateCommentTest" time="0.141"/>
</testsuite> <!-- CommentTests -->
