<?xml version="1.0" encoding="UTF-8"?>
<!-- Generated by org.testng.reporters.JUnitXMLReporter -->
<testsuite ignored="0" hostname="JESUS-MBP" failures="0" tests="6" name="OtherTests" time="10.211" errors="0" timestamp="2021-08-22T12:28:51 EDT">
  <testcase classname="AuthenticationTests" name="testFakeLogOut" time="0.221"/>
  <testcase classname="AuthenticationTests" name="testInvalidLogin" time="0.169"/>
  <testcase classname="AuthenticationTests" name="testInvalidRegister" time="0.156"/>
  <testcase classname="AuthenticationTests" name="testLogOut" time="0.411"/>
  <testcase classname="AuthenticationTests" name="testLogin" time="0.233"/>
  <testcase classname="AuthenticationTests" name="testRegister" time="0.228"/>
</testsuite> <!-- OtherTests -->
