<?xml version="1.0" encoding="UTF-8"?>
<!-- Generated by org.testng.reporters.JUnitXMLReporter -->
<testsuite ignored="0" hostname="JESUS-MBP" failures="0" tests="11" name="PostTests" time="17.337" errors="0" timestamp="2021-08-22T12:28:58 EDT">
  <testcase classname="PostTests" name="createPostTest" time="0.45"/>
  <testcase classname="PostTests" name="deletePostTest" time="0.439"/>
  <testcase classname="PostTests" name="getAllPostsTest" time="0.476"/>
  <testcase classname="PostTests" name="getOnePostTest" time="0.386"/>
  <testcase classname="PostTests" name="invalidGetOnePostTest" time="0.385"/>
  <testcase classname="PostTests" name="invalidUpdatePostTest" time="0.377"/>
  <testcase classname="PostTests" name="unauthorizedCreatePostTest" time="0.132"/>
  <testcase classname="PostTests" name="unauthorizedGetAllPostsTest" time="0.137"/>
  <testcase classname="PostTests" name="unauthorizedGetOnePostTest" time="0.146"/>
  <testcase classname="PostTests" name="unauthorizedUpdatePostTest" time="0.142"/>
  <testcase classname="PostTests" name="updatePostTest" time="0.467"/>
</testsuite> <!-- PostTests -->
