<?xml version="1.0" encoding="UTF-8"?>
<testsuite xmlns:xsi="http://www.w3.org/2001/XMLSchema-instance" xsi:noNamespaceSchemaLocation="https://maven.apache.org/surefire/maven-surefire-plugin/xsd/surefire-test-report.xsd" name="TestSuite" time="19.389" tests="30" errors="0" skipped="0" failures="0">
  <properties>
[...]
</properties>
  <testcase name="testFakeLogOut" classname="AuthenticationTests" time="0.2"/>
  <testcase name="createCommentTest" classname="CommentTests" time="0.205"/>
  <testcase name="createPostTest" classname="PostTests" time="0.45"/>
  <testcase name="testInvalidLogin" classname="AuthenticationTests" time="0.154"/>
  <testcase name="deleteCommentTest" classname="CommentTests" time="0.174"/>
  <testcase name="deletePostTest" classname="PostTests" time="0.439"/>
  <testcase name="testInvalidRegister" classname="AuthenticationTests" time="0.11"/>
  <testcase name="getAllCommentsTest" classname="CommentTests" time="0.175"/>
  <testcase name="getAllPostsTest" classname="PostTests" time="0.476"/>
  <testcase name="getOneCommentTest" classname="CommentTests" time="0.167"/>
  <testcase name="testLogOut" classname="AuthenticationTests" time="0.292"/>
  <testcase name="getOnePostTest" classname="PostTests" time="0.386"/>
  <testcase name="invalidDeleteCommentTest" classname="CommentTests" time="0.193"/>
  <testcase name="testLogin" classname="AuthenticationTests" time="0.233"/>
  <testcase name="invalidGetOnePostTest" classname="PostTests" time="0.385"/>
  <testcase name="invalidGetOneCommentTest" classname="CommentTests" time="0.121"/>
  <testcase name="testRegister" classname="AuthenticationTests" time="0.228"/>
  <testcase name="invalidUpdatePostTest" classname="PostTests" time="0.134"/>
  <testcase name="invalidUpdateCommentTest" classname="CommentTests" time="0.154"/>
  <testcase name="unauthorizedCreatePostTest" classname="PostTests" time="0.095"/>
  <testcase name="unauthorizedCreateCommentTest" classname="CommentTests" time="0.135"/>
  <testcase name="unauthorizedGetAllPostsTest" classname="PostTests" time="0.092"/>
  <testcase name="unauthorizedDeleteCommentTest" classname="CommentTests" time="0.129"/>
  <testcase name="unauthorizedGetOnePostTest" classname="PostTests" time="0.069"/>
  <testcase name="unauthorizedGetAllCommentsTest" classname="CommentTests" time="0.138"/>
  <testcase name="unauthorizedUpdatePostTest" classname="PostTests" time="0.047"/>
  <testcase name="unauthorizedGetOneCommentTest" classname="CommentTests" time="0.141"/>
  <testcase name="unauthorizedUpdateCommentTest" classname="CommentTests" time="0.131"/>
  <testcase name="updatePostTest" classname="PostTests" time="0.367"/>
  <testcase name="updateCommentTest" classname="CommentTests" time="0.141"/>
</testsuite>