<?xml version="1.0" encoding="UTF-8"?>
<testng-results ignored="0" total="30" passed="30" failed="0" skipped="0">
  <reporter-output>
  </reporter-output>
  <suite started-at="2021-08-22T12:28:41 EDT" name="Regression" finished-at="2021-08-22T12:28:59 EDT" duration-ms="18320">
    <groups>
      <group name="useComment">
        <method signature="CommentTests.deleteCommentTest()[pri:0, instance:CommentTests@2525ff7e]" name="deleteCommentTest" class="CommentTests"/>
        <method signature="CommentTests.getAllCommentsTest()[pri:0, instance:CommentTests@2525ff7e]" name="getAllCommentsTest" class="CommentTests"/>
        <method signature="CommentTests.getOneCommentTest()[pri:0, instance:CommentTests@2525ff7e]" name="getOneCommentTest" class="CommentTests"/>
        <method signature="CommentTests.invalidDeleteCommentTest()[pri:0, instance:CommentTests@2525ff7e]" name="invalidDeleteCommentTest" class="CommentTests"/>
        <method signature="CommentTests.invalidGetOneCommentTest()[pri:0, instance:CommentTests@2525ff7e]" name="invalidGetOneCommentTest" class="CommentTests"/>
        <method signature="CommentTests.invalidUpdateCommentTest()[pri:0, instance:CommentTests@2525ff7e]" name="invalidUpdateCommentTest" class="CommentTests"/>
        <method signature="CommentTests.unauthorizedDeleteCommentTest()[pri:0, instance:CommentTests@2525ff7e]" name="unauthorizedDeleteCommentTest" class="CommentTests"/>
        <method signature="CommentTests.unauthorizedUpdateCommentTest()[pri:0, instance:CommentTests@2525ff7e]" name="unauthorizedUpdateCommentTest" class="CommentTests"/>
        <method signature="CommentTests.updateCommentTest()[pri:0, instance:CommentTests@2525ff7e]" name="updateCommentTest" class="CommentTests"/>
      </group> <!-- useComment -->
      <group name="singleUsePost">
        <method signature="PostTests.deletePostTest()[pri:0, instance:PostTests@2bfc268b]" name="deletePostTest" class="PostTests"/>
      </group> <!-- singleUsePost -->
      <group name="usePost">
        <method signature="CommentTests.createCommentTest()[pri:0, instance:CommentTests@2525ff7e]" name="createCommentTest" class="CommentTests"/>
        <method signature="CommentTests.unauthorizedCreateCommentTest()[pri:0, instance:CommentTests@2525ff7e]" name="unauthorizedCreateCommentTest" class="CommentTests"/>
        <method signature="PostTests.getAllPostsTest()[pri:0, instance:PostTests@2bfc268b]" name="getAllPostsTest" class="PostTests"/>
        <method signature="PostTests.getOnePostTest()[pri:0, instance:PostTests@2bfc268b]" name="getOnePostTest" class="PostTests"/>
        <method signature="PostTests.invalidGetOnePostTest()[pri:0, instance:PostTests@2bfc268b]" name="invalidGetOnePostTest" class="PostTests"/>
        <method signature="PostTests.invalidUpdatePostTest()[pri:0, instance:PostTests@2bfc268b]" name="invalidUpdatePostTest" class="PostTests"/>
        <method signature="PostTests.unauthorizedGetOnePostTest()[pri:0, instance:PostTests@2bfc268b]" name="unauthorizedGetOnePostTest" class="PostTests"/>
        <method signature="PostTests.unauthorizedUpdatePostTest()[pri:0, instance:PostTests@2bfc268b]" name="unauthorizedUpdatePostTest" class="PostTests"/>
        <method signature="PostTests.updatePostTest()[pri:0, instance:PostTests@2bfc268b]" name="updatePostTest" class="PostTests"/>
      </group> <!-- usePost -->
    </groups>
    <test started-at="2021-08-22T12:28:41 EDT" name="OtherTests" finished-at="2021-08-22T12:28:51 EDT" duration-ms="10211">
      <class name="AuthenticationTests">
        <test-method is-config="true" signature="setup(java.lang.String)[pri:0, instance:AuthenticationTests@41fecb8b]" started-at="2021-08-22T12:28:40 EDT" name="setup" finished-at="2021-08-22T12:28:41 EDT" duration-ms="487" status="PASS">
          <params>
            <param index="0">
              <value>
                <![CDATA[https://api-coffee-testing.herokuapp.com]]>
              </value>
            </param>
          </params>
          <reporter-output>
          </reporter-output>
        </test-method> <!-- setup -->
        <test-method is-config="true" signature="create()[pri:0, instance:AuthenticationTests@41fecb8b]" started-at="2021-08-22T12:28:41 EDT" name="create" finished-at="2021-08-22T12:28:43 EDT" duration-ms="2466" status="PASS">
          <reporter-output>
          </reporter-output>
        </test-method> <!-- create -->
        <test-method signature="testFakeLogOut()[pri:0, instance:AuthenticationTests@41fecb8b]" started-at="2021-08-22T12:28:43 EDT" name="testFakeLogOut" description="This aims to an invalid logout" finished-at="2021-08-22T12:28:43 EDT" duration-ms="221" status="PASS">
          <reporter-output>
          </reporter-output>
        </test-method> <!-- testFakeLogOut -->
        <test-method is-config="true" signature="delete()[pri:0, instance:AuthenticationTests@41fecb8b]" started-at="2021-08-22T12:28:43 EDT" name="delete" finished-at="2021-08-22T12:28:44 EDT" duration-ms="610" status="PASS">
          <reporter-output>
          </reporter-output>
        </test-method> <!-- delete -->
        <test-method is-config="true" signature="create()[pri:0, instance:AuthenticationTests@41fecb8b]" started-at="2021-08-22T12:28:44 EDT" name="create" finished-at="2021-08-22T12:28:44 EDT" duration-ms="591" status="PASS">
          <reporter-output>
          </reporter-output>
        </test-method> <!-- create -->
        <test-method signature="testInvalidLogin()[pri:0, instance:AuthenticationTests@41fecb8b]" started-at="2021-08-22T12:28:44 EDT" name="testInvalidLogin" description="This test aims to not login an user" finished-at="2021-08-22T12:28:45 EDT" duration-ms="169" status="PASS">
          <reporter-output>
          </reporter-output>
        </test-method> <!-- testInvalidLogin -->
        <test-method is-config="true" signature="delete()[pri:0, instance:AuthenticationTests@41fecb8b]" started-at="2021-08-22T12:28:45 EDT" name="delete" finished-at="2021-08-22T12:28:45 EDT" duration-ms="520" status="PASS">
          <reporter-output>
          </reporter-output>
        </test-method> <!-- delete -->
        <test-method is-config="true" signature="create()[pri:0, instance:AuthenticationTests@41fecb8b]" started-at="2021-08-22T12:28:45 EDT" name="create" finished-at="2021-08-22T12:28:46 EDT" duration-ms="572" status="PASS">
          <reporter-output>
          </reporter-output>
        </test-method> <!-- create -->
        <test-method signature="testInvalidRegister()[pri:0, instance:AuthenticationTests@41fecb8b]" started-at="2021-08-22T12:28:46 EDT" name="testInvalidRegister" description="This test aims to register an user" finished-at="2021-08-22T12:28:46 EDT" duration-ms="156" status="PASS">
          <reporter-output>
          </reporter-output>
        </test-method> <!-- testInvalidRegister -->
        <test-method is-config="true" signature="delete()[pri:0, instance:AuthenticationTests@41fecb8b]" started-at="2021-08-22T12:28:46 EDT" name="delete" finished-at="2021-08-22T12:28:46 EDT" duration-ms="546" status="PASS">
          <reporter-output>
          </reporter-output>
        </test-method> <!-- delete -->
        <test-method is-config="true" signature="create()[pri:0, instance:AuthenticationTests@41fecb8b]" started-at="2021-08-22T12:28:46 EDT" name="create" finished-at="2021-08-22T12:28:47 EDT" duration-ms="626" status="PASS">
          <reporter-output>
          </reporter-output>
        </test-method> <!-- create -->
        <test-method signature="testLogOut()[pri:0, instance:AuthenticationTests@41fecb8b]" started-at="2021-08-22T12:28:47 EDT" name="testLogOut" description="This aims to logout" finished-at="2021-08-22T12:28:47 EDT" duration-ms="411" status="PASS">
          <reporter-output>
          </reporter-output>
        </test-method> <!-- testLogOut -->
        <test-method is-config="true" signature="delete()[pri:0, instance:AuthenticationTests@41fecb8b]" started-at="2021-08-22T12:28:47 EDT" name="delete" finished-at="2021-08-22T12:28:48 EDT" duration-ms="583" status="PASS">
          <reporter-output>
          </reporter-output>
        </test-method> <!-- delete -->
        <test-method is-config="true" signature="create()[pri:0, instance:AuthenticationTests@41fecb8b]" started-at="2021-08-22T12:28:48 EDT" name="create" finished-at="2021-08-22T12:28:49 EDT" duration-ms="626" status="PASS">
          <reporter-output>
          </reporter-output>
        </test-method> <!-- create -->
        <test-method signature="testLogin()[pri:0, instance:AuthenticationTests@41fecb8b]" started-at="2021-08-22T12:28:49 EDT" name="testLogin" description="This test aims to login an user" finished-at="2021-08-22T12:28:49 EDT" duration-ms="233" status="PASS">
          <reporter-output>
          </reporter-output>
        </test-method> <!-- testLogin -->
        <test-method is-config="true" signature="delete()[pri:0, instance:AuthenticationTests@41fecb8b]" started-at="2021-08-22T12:28:49 EDT" name="delete" finished-at="2021-08-22T12:28:49 EDT" duration-ms="563" status="PASS">
          <reporter-output>
          </reporter-output>
        </test-method> <!-- delete -->
        <test-method is-config="true" signature="create()[pri:0, instance:AuthenticationTests@41fecb8b]" started-at="2021-08-22T12:28:49 EDT" name="create" finished-at="2021-08-22T12:28:50 EDT" duration-ms="520" status="PASS">
          <reporter-output>
          </reporter-output>
        </test-method> <!-- create -->
        <test-method signature="testRegister()[pri:0, instance:AuthenticationTests@41fecb8b]" started-at="2021-08-22T12:28:50 EDT" name="testRegister" description="This test aims to register an user" finished-at="2021-08-22T12:28:50 EDT" duration-ms="228" status="PASS">
          <reporter-output>
          </reporter-output>
        </test-method> <!-- testRegister -->
        <test-method is-config="true" signature="delete()[pri:0, instance:AuthenticationTests@41fecb8b]" started-at="2021-08-22T12:28:50 EDT" name="delete" finished-at="2021-08-22T12:28:51 EDT" duration-ms="541" status="PASS">
          <reporter-output>
          </reporter-output>
        </test-method> <!-- delete -->
      </class> <!-- AuthenticationTests -->
    </test> <!-- OtherTests -->
    <test started-at="2021-08-22T12:28:41 EDT" name="PostTests" finished-at="2021-08-22T12:28:58 EDT" duration-ms="17337">
      <class name="PostTests">
        <test-method is-config="true" signature="create()[pri:0, instance:PostTests@2bfc268b]" started-at="2021-08-22T12:28:41 EDT" name="create" finished-at="2021-08-22T12:28:43 EDT" duration-ms="2492" status="PASS">
          <reporter-output>
          </reporter-output>
        </test-method> <!-- create -->
        <test-method signature="createPostTest()[pri:0, instance:PostTests@2bfc268b]" started-at="2021-08-22T12:28:43 EDT" name="createPostTest" description="This test aims to create a post" finished-at="2021-08-22T12:28:43 EDT" duration-ms="450" status="PASS">
          <reporter-output>
          </reporter-output>
        </test-method> <!-- createPostTest -->
        <test-method is-config="true" signature="delete()[pri:0, instance:PostTests@2bfc268b]" started-at="2021-08-22T12:28:43 EDT" name="delete" finished-at="2021-08-22T12:28:44 EDT" duration-ms="590" status="PASS">
          <reporter-output>
          </reporter-output>
        </test-method> <!-- delete -->
        <test-method is-config="true" signature="create()[pri:0, instance:PostTests@2bfc268b]" started-at="2021-08-22T12:28:44 EDT" name="create" finished-at="2021-08-22T12:28:45 EDT" duration-ms="563" status="PASS">
          <reporter-output>
          </reporter-output>
        </test-method> <!-- create -->
        <test-method signature="deletePostTest()[pri:0, instance:PostTests@2bfc268b]" started-at="2021-08-22T12:28:45 EDT" name="deletePostTest" description="This test aims delete a post" finished-at="2021-08-22T12:28:45 EDT" duration-ms="439" status="PASS">
          <reporter-output>
          </reporter-output>
        </test-method> <!-- deletePostTest -->
        <test-method is-config="true" signature="delete()[pri:0, instance:PostTests@2bfc268b]" started-at="2021-08-22T12:28:45 EDT" name="delete" finished-at="2021-08-22T12:28:46 EDT" duration-ms="575" status="PASS">
          <reporter-output>
          </reporter-output>
        </test-method> <!-- delete -->
        <test-method is-config="true" signature="create()[pri:0, instance:PostTests@2bfc268b]" started-at="2021-08-22T12:28:46 EDT" name="create" finished-at="2021-08-22T12:28:46 EDT" duration-ms="550" status="PASS">
          <reporter-output>
          </reporter-output>
        </test-method> <!-- create -->
        <test-method signature="getAllPostsTest()[pri:0, instance:PostTests@2bfc268b]" started-at="2021-08-22T12:28:46 EDT" name="getAllPostsTest" description="This test aims get all posts" finished-at="2021-08-22T12:28:47 EDT" duration-ms="476" status="PASS">
          <reporter-output>
          </reporter-output>
        </test-method> <!-- getAllPostsTest -->
        <test-method is-config="true" signature="delete()[pri:0, instance:PostTests@2bfc268b]" started-at="2021-08-22T12:28:47 EDT" name="delete" finished-at="2021-08-22T12:28:47 EDT" duration-ms="583" status="PASS">
          <reporter-output>
          </reporter-output>
        </test-method> <!-- delete -->
        <test-method is-config="true" signature="create()[pri:0, instance:PostTests@2bfc268b]" started-at="2021-08-22T12:28:47 EDT" name="create" finished-at="2021-08-22T12:28:48 EDT" duration-ms="598" status="PASS">
          <reporter-output>
          </reporter-output>
        </test-method> <!-- create -->
        <test-method signature="getOnePostTest()[pri:0, instance:PostTests@2bfc268b]" started-at="2021-08-22T12:28:48 EDT" name="getOnePostTest" description="This test aims get one post" finished-at="2021-08-22T12:28:48 EDT" duration-ms="386" status="PASS">
          <reporter-output>
          </reporter-output>
        </test-method> <!-- getOnePostTest -->
        <test-method is-config="true" signature="delete()[pri:0, instance:PostTests@2bfc268b]" started-at="2021-08-22T12:28:48 EDT" name="delete" finished-at="2021-08-22T12:28:49 EDT" duration-ms="628" status="PASS">
          <reporter-output>
          </reporter-output>
        </test-method> <!-- delete -->
        <test-method is-config="true" signature="create()[pri:0, instance:PostTests@2bfc268b]" started-at="2021-08-22T12:28:49 EDT" name="create" finished-at="2021-08-22T12:28:49 EDT" duration-ms="603" status="PASS">
          <reporter-output>
          </reporter-output>
        </test-method> <!-- create -->
        <test-method signature="invalidGetOnePostTest()[pri:0, instance:PostTests@2bfc268b]" started-at="2021-08-22T12:28:49 EDT" name="invalidGetOnePostTest" description="This test aims get an invalid post" finished-at="2021-08-22T12:28:50 EDT" duration-ms="385" status="PASS">
          <reporter-output>
          </reporter-output>
        </test-method> <!-- invalidGetOnePostTest -->
        <test-method is-config="true" signature="delete()[pri:0, instance:PostTests@2bfc268b]" started-at="2021-08-22T12:28:50 EDT" name="delete" finished-at="2021-08-22T12:28:50 EDT" duration-ms="543" status="PASS">
          <reporter-output>
          </reporter-output>
        </test-method> <!-- delete -->
        <test-method is-config="true" signature="create()[pri:0, instance:PostTests@2bfc268b]" started-at="2021-08-22T12:28:50 EDT" name="create" finished-at="2021-08-22T12:28:51 EDT" duration-ms="553" status="PASS">
          <reporter-output>
          </reporter-output>
        </test-method> <!-- create -->
        <test-method signature="invalidUpdatePostTest()[pri:0, instance:PostTests@2bfc268b]" started-at="2021-08-22T12:28:51 EDT" name="invalidUpdatePostTest" description="This test aims update an invalid post" finished-at="2021-08-22T12:28:51 EDT" duration-ms="377" status="PASS">
          <reporter-output>
          </reporter-output>
        </test-method> <!-- invalidUpdatePostTest -->
        <test-method is-config="true" signature="delete()[pri:0, instance:PostTests@2bfc268b]" started-at="2021-08-22T12:28:51 EDT" name="delete" finished-at="2021-08-22T12:28:52 EDT" duration-ms="478" status="PASS">
          <reporter-output>
          </reporter-output>
        </test-method> <!-- delete -->
        <test-method is-config="true" signature="create()[pri:0, instance:PostTests@2bfc268b]" started-at="2021-08-22T12:28:52 EDT" name="create" finished-at="2021-08-22T12:28:52 EDT" duration-ms="499" status="PASS">
          <reporter-output>
          </reporter-output>
        </test-method> <!-- create -->
        <test-method signature="unauthorizedCreatePostTest()[pri:0, instance:PostTests@2bfc268b]" started-at="2021-08-22T12:28:52 EDT" name="unauthorizedCreatePostTest" description="This test aims to create an unauthorized post" finished-at="2021-08-22T12:28:52 EDT" duration-ms="132" status="PASS">
          <reporter-output>
          </reporter-output>
        </test-method> <!-- unauthorizedCreatePostTest -->
        <test-method is-config="true" signature="delete()[pri:0, instance:PostTests@2bfc268b]" started-at="2021-08-22T12:28:52 EDT" name="delete" finished-at="2021-08-22T12:28:53 EDT" duration-ms="493" status="PASS">
          <reporter-output>
          </reporter-output>
        </test-method> <!-- delete -->
        <test-method is-config="true" signature="create()[pri:0, instance:PostTests@2bfc268b]" started-at="2021-08-22T12:28:53 EDT" name="create" finished-at="2021-08-22T12:28:53 EDT" duration-ms="525" status="PASS">
          <reporter-output>
          </reporter-output>
        </test-method> <!-- create -->
        <test-method signature="unauthorizedGetAllPostsTest()[pri:0, instance:PostTests@2bfc268b]" started-at="2021-08-22T12:28:53 EDT" name="unauthorizedGetAllPostsTest" description="This test aims get all posts without authorization" finished-at="2021-08-22T12:28:54 EDT" duration-ms="137" status="PASS">
          <reporter-output>
          </reporter-output>
        </test-method> <!-- unauthorizedGetAllPostsTest -->
        <test-method is-config="true" signature="delete()[pri:0, instance:PostTests@2bfc268b]" started-at="2021-08-22T12:28:54 EDT" name="delete" finished-at="2021-08-22T12:28:54 EDT" duration-ms="487" status="PASS">
          <reporter-output>
          </reporter-output>
        </test-method> <!-- delete -->
        <test-method is-config="true" signature="create()[pri:0, instance:PostTests@2bfc268b]" started-at="2021-08-22T12:28:54 EDT" name="create" finished-at="2021-08-22T12:28:55 EDT" duration-ms="507" status="PASS">
          <reporter-output>
          </reporter-output>
        </test-method> <!-- create -->
        <test-method signature="unauthorizedGetOnePostTest()[pri:0, instance:PostTests@2bfc268b]" started-at="2021-08-22T12:28:55 EDT" name="unauthorizedGetOnePostTest" description="This test aims get one post without authorization" finished-at="2021-08-22T12:28:55 EDT" duration-ms="146" status="PASS">
          <reporter-output>
          </reporter-output>
        </test-method> <!-- unauthorizedGetOnePostTest -->
        <test-method is-config="true" signature="delete()[pri:0, instance:PostTests@2bfc268b]" started-at="2021-08-22T12:28:55 EDT" name="delete" finished-at="2021-08-22T12:28:55 EDT" duration-ms="497" status="PASS">
          <reporter-output>
          </reporter-output>
        </test-method> <!-- delete -->
        <test-method is-config="true" signature="create()[pri:0, instance:PostTests@2bfc268b]" started-at="2021-08-22T12:28:55 EDT" name="create" finished-at="2021-08-22T12:28:56 EDT" duration-ms="519" status="PASS">
          <reporter-output>
          </reporter-output>
        </test-method> <!-- create -->
        <test-method signature="unauthorizedUpdatePostTest()[pri:0, instance:PostTests@2bfc268b]" started-at="2021-08-22T12:28:56 EDT" name="unauthorizedUpdatePostTest" description="This test aims update a post without authorization" finished-at="2021-08-22T12:28:56 EDT" duration-ms="142" status="PASS">
          <reporter-output>
          </reporter-output>
        </test-method> <!-- unauthorizedUpdatePostTest -->
        <test-method is-config="true" signature="delete()[pri:0, instance:PostTests@2bfc268b]" started-at="2021-08-22T12:28:56 EDT" name="delete" finished-at="2021-08-22T12:28:56 EDT" duration-ms="493" status="PASS">
          <reporter-output>
          </reporter-output>
        </test-method> <!-- delete -->
        <test-method is-config="true" signature="create()[pri:0, instance:PostTests@2bfc268b]" started-at="2021-08-22T12:28:56 EDT" name="create" finished-at="2021-08-22T12:28:57 EDT" duration-ms="489" status="PASS">
          <reporter-output>
          </reporter-output>
        </test-method> <!-- create -->
        <test-method signature="updatePostTest()[pri:0, instance:PostTests@2bfc268b]" started-at="2021-08-22T12:28:57 EDT" name="updatePostTest" description="This test aims update a post" finished-at="2021-08-22T12:28:57 EDT" duration-ms="467" status="PASS">
          <reporter-output>
          </reporter-output>
        </test-method> <!-- updatePostTest -->
        <test-method is-config="true" signature="delete()[pri:0, instance:PostTests@2bfc268b]" started-at="2021-08-22T12:28:57 EDT" name="delete" finished-at="2021-08-22T12:28:58 EDT" duration-ms="503" status="PASS">
          <reporter-output>
          </reporter-output>
        </test-method> <!-- delete -->
      </class> <!-- PostTests -->
    </test> <!-- PostTests -->
    <test started-at="2021-08-22T12:28:41 EDT" name="CommentTests" finished-at="2021-08-22T12:28:59 EDT" duration-ms="18320">
      <class name="CommentTests">
        <test-method is-config="true" signature="create()[pri:0, instance:CommentTests@2525ff7e]" started-at="2021-08-22T12:28:41 EDT" name="create" finished-at="2021-08-22T12:28:43 EDT" duration-ms="2473" status="PASS">
          <reporter-output>
          </reporter-output>
        </test-method> <!-- create -->
        <test-method signature="createCommentTest()[pri:0, instance:CommentTests@2525ff7e]" started-at="2021-08-22T12:28:43 EDT" name="createCommentTest" description="This test aims to create a comment" finished-at="2021-08-22T12:28:43 EDT" duration-ms="224" status="PASS">
          <reporter-output>
          </reporter-output>
        </test-method> <!-- createCommentTest -->
        <test-method is-config="true" signature="delete()[pri:0, instance:CommentTests@2525ff7e]" started-at="2021-08-22T12:28:43 EDT" name="delete" finished-at="2021-08-22T12:28:44 EDT" duration-ms="635" status="PASS">
          <reporter-output>
          </reporter-output>
        </test-method> <!-- delete -->
        <test-method is-config="true" signature="create()[pri:0, instance:CommentTests@2525ff7e]" started-at="2021-08-22T12:28:44 EDT" name="create" finished-at="2021-08-22T12:28:44 EDT" duration-ms="576" status="PASS">
          <reporter-output>
          </reporter-output>
        </test-method> <!-- create -->
        <test-method signature="deleteCommentTest()[pri:0, instance:CommentTests@2525ff7e]" started-at="2021-08-22T12:28:44 EDT" name="deleteCommentTest" description="This test aims to delete a comment" finished-at="2021-08-22T12:28:45 EDT" duration-ms="174" status="PASS">
          <reporter-output>
          </reporter-output>
        </test-method> <!-- deleteCommentTest -->
        <test-method is-config="true" signature="delete()[pri:0, instance:CommentTests@2525ff7e]" started-at="2021-08-22T12:28:45 EDT" name="delete" finished-at="2021-08-22T12:28:45 EDT" duration-ms="532" status="PASS">
          <reporter-output>
          </reporter-output>
        </test-method> <!-- delete -->
        <test-method is-config="true" signature="create()[pri:0, instance:CommentTests@2525ff7e]" started-at="2021-08-22T12:28:45 EDT" name="create" finished-at="2021-08-22T12:28:46 EDT" duration-ms="586" status="PASS">
          <reporter-output>
          </reporter-output>
        </test-method> <!-- create -->
        <test-method signature="getAllCommentsTest()[pri:0, instance:CommentTests@2525ff7e]" started-at="2021-08-22T12:28:46 EDT" name="getAllCommentsTest" description="This test aims to get all comments" finished-at="2021-08-22T12:28:46 EDT" duration-ms="175" status="PASS">
          <reporter-output>
          </reporter-output>
        </test-method> <!-- getAllCommentsTest -->
        <test-method is-config="true" signature="delete()[pri:0, instance:CommentTests@2525ff7e]" started-at="2021-08-22T12:28:46 EDT" name="delete" finished-at="2021-08-22T12:28:46 EDT" duration-ms="556" status="PASS">
          <reporter-output>
          </reporter-output>
        </test-method> <!-- delete -->
        <test-method is-config="true" signature="create()[pri:0, instance:CommentTests@2525ff7e]" started-at="2021-08-22T12:28:46 EDT" name="create" finished-at="2021-08-22T12:28:47 EDT" duration-ms="670" status="PASS">
          <reporter-output>
          </reporter-output>
        </test-method> <!-- create -->
        <test-method signature="getOneCommentTest()[pri:0, instance:CommentTests@2525ff7e]" started-at="2021-08-22T12:28:47 EDT" name="getOneCommentTest" description="This test aims to get one comment" finished-at="2021-08-22T12:28:47 EDT" duration-ms="167" status="PASS">
          <reporter-output>
          </reporter-output>
        </test-method> <!-- getOneCommentTest -->
        <test-method is-config="true" signature="delete()[pri:0, instance:CommentTests@2525ff7e]" started-at="2021-08-22T12:28:47 EDT" name="delete" finished-at="2021-08-22T12:28:48 EDT" duration-ms="583" status="PASS">
          <reporter-output>
          </reporter-output>
        </test-method> <!-- delete -->
        <test-method is-config="true" signature="create()[pri:0, instance:CommentTests@2525ff7e]" started-at="2021-08-22T12:28:48 EDT" name="create" finished-at="2021-08-22T12:28:48 EDT" duration-ms="550" status="PASS">
          <reporter-output>
          </reporter-output>
        </test-method> <!-- create -->
        <test-method signature="invalidDeleteCommentTest()[pri:0, instance:CommentTests@2525ff7e]" started-at="2021-08-22T12:28:48 EDT" name="invalidDeleteCommentTest" description="This test aims to delete an invalid comment" finished-at="2021-08-22T12:28:49 EDT" duration-ms="394" status="PASS">
          <reporter-output>
          </reporter-output>
        </test-method> <!-- invalidDeleteCommentTest -->
        <test-method is-config="true" signature="delete()[pri:0, instance:CommentTests@2525ff7e]" started-at="2021-08-22T12:28:49 EDT" name="delete" finished-at="2021-08-22T12:28:49 EDT" duration-ms="553" status="PASS">
          <reporter-output>
          </reporter-output>
        </test-method> <!-- delete -->
        <test-method is-config="true" signature="create()[pri:0, instance:CommentTests@2525ff7e]" started-at="2021-08-22T12:28:49 EDT" name="create" finished-at="2021-08-22T12:28:50 EDT" duration-ms="535" status="PASS">
          <reporter-output>
          </reporter-output>
        </test-method> <!-- create -->
        <test-method signature="invalidGetOneCommentTest()[pri:0, instance:CommentTests@2525ff7e]" started-at="2021-08-22T12:28:50 EDT" name="invalidGetOneCommentTest" description="This test aims to get an invalid comment" finished-at="2021-08-22T12:28:50 EDT" duration-ms="156" status="PASS">
          <reporter-output>
          </reporter-output>
        </test-method> <!-- invalidGetOneCommentTest -->
        <test-method is-config="true" signature="delete()[pri:0, instance:CommentTests@2525ff7e]" started-at="2021-08-22T12:28:50 EDT" name="delete" finished-at="2021-08-22T12:28:51 EDT" duration-ms="568" status="PASS">
          <reporter-output>
          </reporter-output>
        </test-method> <!-- delete -->
        <test-method is-config="true" signature="create()[pri:0, instance:CommentTests@2525ff7e]" started-at="2021-08-22T12:28:51 EDT" name="create" finished-at="2021-08-22T12:28:51 EDT" duration-ms="550" status="PASS">
          <reporter-output>
          </reporter-output>
        </test-method> <!-- create -->
        <test-method signature="invalidUpdateCommentTest()[pri:0, instance:CommentTests@2525ff7e]" started-at="2021-08-22T12:28:51 EDT" name="invalidUpdateCommentTest" description="This test aims to update an invalid comment" finished-at="2021-08-22T12:28:51 EDT" duration-ms="154" status="PASS">
          <reporter-output>
          </reporter-output>
        </test-method> <!-- invalidUpdateCommentTest -->
        <test-method is-config="true" signature="delete()[pri:0, instance:CommentTests@2525ff7e]" started-at="2021-08-22T12:28:51 EDT" name="delete" finished-at="2021-08-22T12:28:52 EDT" duration-ms="498" status="PASS">
          <reporter-output>
          </reporter-output>
        </test-method> <!-- delete -->
        <test-method is-config="true" signature="create()[pri:0, instance:CommentTests@2525ff7e]" started-at="2021-08-22T12:28:52 EDT" name="create" finished-at="2021-08-22T12:28:52 EDT" duration-ms="496" status="PASS">
          <reporter-output>
          </reporter-output>
        </test-method> <!-- create -->
        <test-method signature="unauthorizedCreateCommentTest()[pri:0, instance:CommentTests@2525ff7e]" started-at="2021-08-22T12:28:52 EDT" name="unauthorizedCreateCommentTest" description="This test aims to create a comment without authorization" finished-at="2021-08-22T12:28:52 EDT" duration-ms="135" status="PASS">
          <reporter-output>
          </reporter-output>
        </test-method> <!-- unauthorizedCreateCommentTest -->
        <test-method is-config="true" signature="delete()[pri:0, instance:CommentTests@2525ff7e]" started-at="2021-08-22T12:28:52 EDT" name="delete" finished-at="2021-08-22T12:28:53 EDT" duration-ms="498" status="PASS">
          <reporter-output>
          </reporter-output>
        </test-method> <!-- delete -->
        <test-method is-config="true" signature="create()[pri:0, instance:CommentTests@2525ff7e]" started-at="2021-08-22T12:28:53 EDT" name="create" finished-at="2021-08-22T12:28:54 EDT" duration-ms="530" status="PASS">
          <reporter-output>
          </reporter-output>
        </test-method> <!-- create -->
        <test-method signature="unauthorizedDeleteCommentTest()[pri:0, instance:CommentTests@2525ff7e]" started-at="2021-08-22T12:28:54 EDT" name="unauthorizedDeleteCommentTest" description="This test aims to delete a comment without authorization" finished-at="2021-08-22T12:28:54 EDT" duration-ms="129" status="PASS">
          <reporter-output>
          </reporter-output>
        </test-method> <!-- unauthorizedDeleteCommentTest -->
        <test-method is-config="true" signature="delete()[pri:0, instance:CommentTests@2525ff7e]" started-at="2021-08-22T12:28:54 EDT" name="delete" finished-at="2021-08-22T12:28:54 EDT" duration-ms="514" status="PASS">
          <reporter-output>
          </reporter-output>
        </test-method> <!-- delete -->
        <test-method is-config="true" signature="create()[pri:0, instance:CommentTests@2525ff7e]" started-at="2021-08-22T12:28:54 EDT" name="create" finished-at="2021-08-22T12:28:55 EDT" duration-ms="522" status="PASS">
          <reporter-output>
          </reporter-output>
        </test-method> <!-- create -->
        <test-method signature="unauthorizedGetAllCommentsTest()[pri:0, instance:CommentTests@2525ff7e]" started-at="2021-08-22T12:28:55 EDT" name="unauthorizedGetAllCommentsTest" description="This test aims to get all comments without authorization" finished-at="2021-08-22T12:28:55 EDT" duration-ms="137" status="PASS">
          <reporter-output>
          </reporter-output>
        </test-method> <!-- unauthorizedGetAllCommentsTest -->
        <test-method is-config="true" signature="delete()[pri:0, instance:CommentTests@2525ff7e]" started-at="2021-08-22T12:28:55 EDT" name="delete" finished-at="2021-08-22T12:28:55 EDT" duration-ms="513" status="PASS">
          <reporter-output>
          </reporter-output>
        </test-method> <!-- delete -->
        <test-method is-config="true" signature="create()[pri:0, instance:CommentTests@2525ff7e]" started-at="2021-08-22T12:28:55 EDT" name="create" finished-at="2021-08-22T12:28:56 EDT" duration-ms="531" status="PASS">
          <reporter-output>
          </reporter-output>
        </test-method> <!-- create -->
        <test-method signature="unauthorizedGetOneCommentTest()[pri:0, instance:CommentTests@2525ff7e]" started-at="2021-08-22T12:28:56 EDT" name="unauthorizedGetOneCommentTest" description="This test aims to get one comment without authorization" finished-at="2021-08-22T12:28:56 EDT" duration-ms="141" status="PASS">
          <reporter-output>
          </reporter-output>
        </test-method> <!-- unauthorizedGetOneCommentTest -->
        <test-method is-config="true" signature="delete()[pri:0, instance:CommentTests@2525ff7e]" started-at="2021-08-22T12:28:56 EDT" name="delete" finished-at="2021-08-22T12:28:56 EDT" duration-ms="496" status="PASS">
          <reporter-output>
          </reporter-output>
        </test-method> <!-- delete -->
        <test-method is-config="true" signature="create()[pri:0, instance:CommentTests@2525ff7e]" started-at="2021-08-22T12:28:56 EDT" name="create" finished-at="2021-08-22T12:28:57 EDT" duration-ms="492" status="PASS">
          <reporter-output>
          </reporter-output>
        </test-method> <!-- create -->
        <test-method signature="unauthorizedUpdateCommentTest()[pri:0, instance:CommentTests@2525ff7e]" started-at="2021-08-22T12:28:57 EDT" name="unauthorizedUpdateCommentTest" description="This test aims to update a comment without authorization" finished-at="2021-08-22T12:28:57 EDT" duration-ms="131" status="PASS">
          <reporter-output>
          </reporter-output>
        </test-method> <!-- unauthorizedUpdateCommentTest -->
        <test-method is-config="true" signature="delete()[pri:0, instance:CommentTests@2525ff7e]" started-at="2021-08-22T12:28:57 EDT" name="delete" finished-at="2021-08-22T12:28:58 EDT" duration-ms="601" status="PASS">
          <reporter-output>
          </reporter-output>
        </test-method> <!-- delete -->
        <test-method is-config="true" signature="create()[pri:0, instance:CommentTests@2525ff7e]" started-at="2021-08-22T12:28:58 EDT" name="create" finished-at="2021-08-22T12:28:58 EDT" duration-ms="492" status="PASS">
          <reporter-output>
          </reporter-output>
        </test-method> <!-- create -->
        <test-method signature="updateCommentTest()[pri:0, instance:CommentTests@2525ff7e]" started-at="2021-08-22T12:28:58 EDT" name="updateCommentTest" description="This test aims to update a comment" finished-at="2021-08-22T12:28:58 EDT" duration-ms="141" status="PASS">
          <reporter-output>
          </reporter-output>
        </test-method> <!-- updateCommentTest -->
        <test-method is-config="true" signature="delete()[pri:0, instance:CommentTests@2525ff7e]" started-at="2021-08-22T12:28:58 EDT" name="delete" finished-at="2021-08-22T12:28:59 EDT" duration-ms="487" status="PASS">
          <reporter-output>
          </reporter-output>
        </test-method> <!-- delete -->
      </class> <!-- CommentTests -->
    </test> <!-- CommentTests -->
  </suite> <!-- Regression -->
</testng-results>
